[    0.000000] Linux version 4.15.0-191-generic (buildd@lcy02-amd64-032) (gcc version 7.5.0 (Ubuntu 7.5.0-3ubuntu1~18.04)) #202-Ubuntu SMP Thu Aug 4 01:49:29 UTC 2022 (Ubuntu 4.15.0-191.202-generic 4.15.18)
[    0.000000] Command line: BOOT_IMAGE=/boot/vmlinuz-4.15.0-191-generic root=LABEL=cloudimg-rootfs ro console=tty1 console=ttyS0
[    0.000000] KERNEL supported cpus:
[    0.000000]   Intel GenuineIntel
[    0.000000]   AMD AuthenticAMD
[    0.000000]   Centaur CentaurHauls
[    0.000000] x86/fpu: Supporting XSAVE feature 0x001: 'x87 floating point registers'
[    0.000000] x86/fpu: Supporting XSAVE feature 0x002: 'SSE registers'
[    0.000000] x86/fpu: Supporting XSAVE feature 0x004: 'AVX registers'
[    0.000000] x86/fpu: xstate_offset[2]:  576, xstate_sizes[2]:  256
[    0.000000] x86/fpu: Enabled xstate features 0x7, context size is 832 bytes, using 'standard' format.
[    0.000000] e820: BIOS-provided physical RAM map:
[    0.000000] BIOS-e820: [mem 0x0000000000000000-0x000000000009fbff] usable
[    0.000000] BIOS-e820: [mem 0x000000000009fc00-0x000000000009ffff] reserved
[    0.000000] BIOS-e820: [mem 0x00000000000f0000-0x00000000000fffff] reserved
[    0.000000] BIOS-e820: [mem 0x0000000000100000-0x000000003ffeffff] usable
[    0.000000] BIOS-e820: [mem 0x000000003fff0000-0x000000003fffffff] ACPI data
[    0.000000] BIOS-e820: [mem 0x00000000fec00000-0x00000000fec00fff] reserved
[    0.000000] BIOS-e820: [mem 0x00000000fee00000-0x00000000fee00fff] reserved
[    0.000000] BIOS-e820: [mem 0x00000000fffc0000-0x00000000ffffffff] reserved
[    0.000000] NX (Execute Disable) protection: active
[    0.000000] SMBIOS 2.5 present.
[    0.000000] DMI: innotek GmbH VirtualBox/VirtualBox, BIOS VirtualBox 12/01/2006
[    0.000000] Hypervisor detected: KVM
[    0.000000] e820: last_pfn = 0x3fff0 max_arch_pfn = 0x400000000
[    0.000000] MTRR: Disabled
[    0.000000] x86/PAT: MTRRs disabled, skipping PAT initialization too.
[    0.000000] CPU MTRRs all blank - virtualized system.
[    0.000000] x86/PAT: Configuration [0-7]: WB  WT  UC- UC  WB  WT  UC- UC  
[    0.000000] found SMP MP-table at [mem 0x0009fff0-0x0009ffff]
[    0.000000] Scanning 1 areas for low memory corruption
[    0.000000] RAMDISK: [mem 0x359c9000-0x36cdbfff]
[    0.000000] ACPI: Early table checksum verification disabled
[    0.000000] ACPI: RSDP 0x00000000000E0000 000024 (v02 VBOX  )
[    0.000000] ACPI: XSDT 0x000000003FFF0030 00003C (v01 VBOX   VBOXXSDT 00000001 ASL  00000061)
[    0.000000] ACPI: FACP 0x000000003FFF00F0 0000F4 (v04 VBOX   VBOXFACP 00000001 ASL  00000061)
[    0.000000] ACPI: DSDT 0x000000003FFF0470 002325 (v02 VBOX   VBOXBIOS 00000002 INTL 20100528)
[    0.000000] ACPI: FACS 0x000000003FFF0200 000040
[    0.000000] ACPI: FACS 0x000000003FFF0200 000040
[    0.000000] ACPI: APIC 0x000000003FFF0240 00005C (v02 VBOX   VBOXAPIC 00000001 ASL  00000061)
[    0.000000] ACPI: SSDT 0x000000003FFF02A0 0001CC (v01 VBOX   VBOXCPUT 00000002 INTL 20100528)
[    0.000000] ACPI: Reserving FACP table memory at [mem 0x3fff00f0-0x3fff01e3]
[    0.000000] ACPI: Reserving DSDT table memory at [mem 0x3fff0470-0x3fff2794]
[    0.000000] ACPI: Reserving FACS table memory at [mem 0x3fff0200-0x3fff023f]
[    0.000000] ACPI: Reserving FACS table memory at [mem 0x3fff0200-0x3fff023f]
[    0.000000] ACPI: Reserving APIC table memory at [mem 0x3fff0240-0x3fff029b]
[    0.000000] ACPI: Reserving SSDT table memory at [mem 0x3fff02a0-0x3fff046b]
[    0.000000] No NUMA configuration found
[    0.000000] Faking a node at [mem 0x0000000000000000-0x000000003ffeffff]
[    0.000000] NODE_DATA(0) allocated [mem 0x3ffc5000-0x3ffeffff]
[    0.000000] kvm-clock: cpu 0, msr 0:3ff44001, primary cpu clock
[    0.000000] kvm-clock: Using msrs 4b564d01 and 4b564d00
[    0.000000] kvm-clock: using sched offset of 4941555476 cycles
[    0.000000] clocksource: kvm-clock: mask: 0xffffffffffffffff max_cycles: 0x1cd42e4dffb, max_idle_ns: 881590591483 ns
[    0.000000] Zone ranges:
[    0.000000]   DMA      [mem 0x0000000000001000-0x0000000000ffffff]
[    0.000000]   DMA32    [mem 0x0000000001000000-0x000000003ffeffff]
[    0.000000]   Normal   empty
[    0.000000]   Device   empty
[    0.000000] Movable zone start for each node
[    0.000000] Early memory node ranges
[    0.000000]   node   0: [mem 0x0000000000001000-0x000000000009efff]
[    0.000000]   node   0: [mem 0x0000000000100000-0x000000003ffeffff]
[    0.000000] Reserved but unavailable: 104 pages
[    0.000000] Initmem setup node 0 [mem 0x0000000000001000-0x000000003ffeffff]
[    0.000000] ACPI: PM-Timer IO Port: 0x4008
[    0.000000] IOAPIC[0]: apic_id 2, version 32, address 0xfec00000, GSI 0-23
[    0.000000] ACPI: INT_SRC_OVR (bus 0 bus_irq 0 global_irq 2 dfl dfl)
[    0.000000] ACPI: INT_SRC_OVR (bus 0 bus_irq 9 global_irq 9 low level)
[    0.000000] Using ACPI (MADT) for SMP configuration information
[    0.000000] smpboot: Allowing 2 CPUs, 0 hotplug CPUs
[    0.000000] PM: Registered nosave memory: [mem 0x00000000-0x00000fff]
[    0.000000] PM: Registered nosave memory: [mem 0x0009f000-0x0009ffff]
[    0.000000] PM: Registered nosave memory: [mem 0x000a0000-0x000effff]
[    0.000000] PM: Registered nosave memory: [mem 0x000f0000-0x000fffff]
[    0.000000] e820: [mem 0x40000000-0xfebfffff] available for PCI devices
[    0.000000] Booting paravirtualized kernel on KVM
[    0.000000] clocksource: refined-jiffies: mask: 0xffffffff max_cycles: 0xffffffff, max_idle_ns: 7645519600211568 ns
[    0.000000] random: get_random_bytes called from start_kernel+0x99/0x500 with crng_init=0
[    0.000000] setup_percpu: NR_CPUS:8192 nr_cpumask_bits:2 nr_cpu_ids:2 nr_node_ids:1
[    0.000000] percpu: Embedded 50 pages/cpu s167936 r8192 d28672 u1048576
[    0.000000] PV qspinlock hash table entries: 256 (order: 0, 4096 bytes)
[    0.000000] Built 1 zonelists, mobility grouping on.  Total pages: 257913
[    0.000000] Policy zone: DMA32
[    0.000000] Kernel command line: BOOT_IMAGE=/boot/vmlinuz-4.15.0-191-generic root=LABEL=cloudimg-rootfs ro console=tty1 console=ttyS0
[    0.000000] Memory: 982644K/1048120K available (12300K kernel code, 2484K rwdata, 4324K rodata, 2468K init, 2724K bss, 65476K reserved, 0K cma-reserved)
[    0.000000] SLUB: HWalign=64, Order=0-3, MinObjects=0, CPUs=2, Nodes=1
[    0.000000] Kernel/User page tables isolation: enabled
[    0.000000] ftrace: allocating 39485 entries in 155 pages
[    0.004000] Hierarchical RCU implementation.
[    0.004000] 	RCU restricting CPUs from NR_CPUS=8192 to nr_cpu_ids=2.
[    0.004000] 	Tasks RCU enabled.
[    0.004000] RCU: Adjusting geometry for rcu_fanout_leaf=16, nr_cpu_ids=2
[    0.004000] NR_IRQS: 524544, nr_irqs: 440, preallocated irqs: 16
[    0.004000] Console: colour VGA+ 80x25
[    0.004000] console [tty1] enabled
[    0.004000] console [ttyS0] enabled
[    0.004000] ACPI: Core revision 20170831
[    0.004000] ACPI: 2 ACPI AML tables successfully acquired and loaded
[    0.004000] APIC: Switch to symmetric I/O mode setup
[    0.004000] x2apic enabled
[    0.004000] Switched APIC routing to physical x2apic.
[    0.004000] ..TIMER: vector=0x30 apic1=0 pin1=2 apic2=-1 pin2=-1
[    0.004004] tsc: Detected 1800.001 MHz processor
[    0.005192] Calibrating delay loop (skipped) preset value.. 3600.00 BogoMIPS (lpj=7200004)
[    0.005893] pid_max: default: 32768 minimum: 301
[    0.008035] Security Framework initialized
[    0.009009] Yama: becoming mindful.
[    0.009894] AppArmor: AppArmor initialized
[    0.012026] Dentry cache hash table entries: 131072 (order: 8, 1048576 bytes)
[    0.016059] Inode-cache hash table entries: 65536 (order: 7, 524288 bytes)
[    0.017576] Mount-cache hash table entries: 2048 (order: 2, 16384 bytes)
[    0.020017] Mountpoint-cache hash table entries: 2048 (order: 2, 16384 bytes)
[    0.024805] Last level iTLB entries: 4KB 64, 2MB 8, 4MB 8
[    0.028007] Last level dTLB entries: 4KB 64, 2MB 0, 4MB 0, 1GB 4
[    0.032007] Spectre V1 : Mitigation: usercopy/swapgs barriers and __user pointer sanitization
[    0.036008] Spectre V2 : Mitigation: Retpolines
[    0.040005] Spectre V2 : Spectre v2 / SpectreRSB mitigation: Filling RSB on context switch
[    0.044005] Speculative Store Bypass: Vulnerable
[    0.048243] MDS: Mitigation: Clear CPU buffers
[    0.050513] MMIO Stale Data: Mitigation: Clear CPU buffers
[    0.052005] SRBDS: Unknown: Dependent on hypervisor status
[    0.056483] Freeing SMP alternatives memory: 36K
[    0.172887] smpboot: CPU0: Intel(R) Core(TM) i5-8250U CPU @ 1.60GHz (family: 0x6, model: 0x8e, stepping: 0xa)
[    0.176182] Performance Events: unsupported p6 CPU model 142 no PMU driver, software events only.
[    0.180085] Hierarchical SRCU implementation.
[    0.188958] NMI watchdog: Perf event create on CPU 0 failed with -2
[    0.192005] NMI watchdog: Perf NMI watchdog permanently disabled
[    0.196096] smp: Bringing up secondary CPUs ...
[    0.198717] x86: Booting SMP configuration:
[    0.200007] .... node  #0, CPUs:      #1
[    0.004000] kvm-clock: cpu 1, msr 0:3ff44041, secondary cpu clock
[    0.208042] smp: Brought up 1 node, 2 CPUs
[    0.212012] smpboot: Max logical packages: 1
[    0.214100] smpboot: Total of 2 processors activated (7200.00 BogoMIPS)
[    0.216203] devtmpfs: initialized
[    0.217880] x86/mm: Memory block size: 128MB
[    0.220501] evm: security.selinux
[    0.221701] evm: security.SMACK64
[    0.224004] evm: security.SMACK64EXEC
[    0.225128] evm: security.SMACK64TRANSMUTE
[    0.226364] evm: security.SMACK64MMAP
[    0.227297] evm: security.apparmor
[    0.228002] evm: security.ima
[    0.229068] evm: security.capability
[    0.230273] clocksource: jiffies: mask: 0xffffffff max_cycles: 0xffffffff, max_idle_ns: 7645041785100000 ns
[    0.232017] futex hash table entries: 512 (order: 3, 32768 bytes)
[    0.235166] pinctrl core: initialized pinctrl subsystem
[    0.240263] RTC time: 12:25:27, date: 09/02/22
[    0.244349] NET: Registered protocol family 16
[    0.246826] audit: initializing netlink subsys (disabled)
[    0.248068] audit: type=2000 audit(1662121533.550:1): state=initialized audit_enabled=0 res=1
[    0.252018] cpuidle: using governor ladder
[    0.256016] cpuidle: using governor menu
[    0.258347] ACPI: bus type PCI registered
[    0.260006] acpiphp: ACPI Hot Plug PCI Controller Driver version: 0.5
[    0.262856] PCI: Using configuration type 1 for base access
[    0.268830] HugeTLB registered 2.00 MiB page size, pre-allocated 0 pages
[    0.272157] ACPI: Added _OSI(Module Device)
[    0.274509] ACPI: Added _OSI(Processor Device)
[    0.276017] ACPI: Added _OSI(3.0 _SCP Extensions)
[    0.280006] ACPI: Added _OSI(Processor Aggregator Device)
[    0.282708] ACPI: Added _OSI(Linux-Dell-Video)
[    0.284007] ACPI: Added _OSI(Linux-Lenovo-NV-HDMI-Audio)
[    0.288007] ACPI: Added _OSI(Linux-HPI-Hybrid-Graphics)
[    0.292224] ACPI: Executed 1 blocks of module-level executable AML code
[    0.304974] ACPI: Interpreter enabled
[    0.307005] ACPI: (supports S0 S5)
[    0.308006] ACPI: Using IOAPIC for interrupt routing
[    0.311123] PCI: Using host bridge windows from ACPI; if necessary, use "pci=nocrs" and report a bug
[    0.312428] ACPI: Enabled 2 GPEs in block 00 to 07
[    0.332910] ACPI: PCI Root Bridge [PCI0] (domain 0000 [bus 00-ff])
[    0.335980] acpi PNP0A03:00: _OSC: OS supports [ASPM ClockPM Segments MSI]
[    0.340816] acpi PNP0A03:00: _OSC: not requesting OS control; OS requires [ExtendedConfig ASPM ClockPM MSI]
[    0.344028] acpi PNP0A03:00: fail to add MMCONFIG information, can't access extended PCI configuration space under this bridge.
[    0.352528] PCI host bridge to bus 0000:00
[    0.354742] pci_bus 0000:00: root bus resource [io  0x0000-0x0cf7 window]
[    0.356009] pci_bus 0000:00: root bus resource [io  0x0d00-0xffff window]
[    0.360008] pci_bus 0000:00: root bus resource [mem 0x000a0000-0x000bffff window]
[    0.364008] pci_bus 0000:00: root bus resource [mem 0x40000000-0xfdffffff window]
[    0.368009] pci_bus 0000:00: root bus resource [bus 00-ff]
[    0.379521] pci 0000:00:01.1: legacy IDE quirk: reg 0x10: [io  0x01f0-0x01f7]
[    0.380010] pci 0000:00:01.1: legacy IDE quirk: reg 0x14: [io  0x03f6]
[    0.384006] pci 0000:00:01.1: legacy IDE quirk: reg 0x18: [io  0x0170-0x0177]
[    0.387067] pci 0000:00:01.1: legacy IDE quirk: reg 0x1c: [io  0x0376]
[    0.420219] pci 0000:00:07.0: quirk: [io  0x4000-0x403f] claimed by PIIX4 ACPI
[    0.424045] pci 0000:00:07.0: quirk: [io  0x4100-0x410f] claimed by PIIX4 SMB
[    0.440398] ACPI: PCI Interrupt Link [LNKA] (IRQs 5 9 10 *11)
[    0.444271] ACPI: PCI Interrupt Link [LNKB] (IRQs 5 9 *10 11)
[    0.448298] ACPI: PCI Interrupt Link [LNKC] (IRQs 5 *9 10 11)
[    0.451756] ACPI: PCI Interrupt Link [LNKD] (IRQs 5 9 10 *11)
[    0.456506] SCSI subsystem initialized
[    0.458844] pci 0000:00:02.0: vgaarb: setting as boot VGA device
[    0.459856] pci 0000:00:02.0: vgaarb: VGA device added: decodes=io+mem,owns=io+mem,locks=none
[    0.460025] pci 0000:00:02.0: vgaarb: bridge control possible
[    0.464006] vgaarb: loaded
[    0.465665] ACPI: bus type USB registered
[    0.468051] usbcore: registered new interface driver usbfs
[    0.472026] usbcore: registered new interface driver hub
[    0.474768] usbcore: registered new device driver usb
[    0.476106] EDAC MC: Ver: 3.0.0
[    0.480644] PCI: Using ACPI for IRQ routing
[    0.484630] NetLabel: Initializing
[    0.486551] NetLabel:  domain hash size = 128
[    0.488006] NetLabel:  protocols = UNLABELED CIPSOv4 CALIPSO
[    0.490730] NetLabel:  unlabeled traffic allowed by default
[    0.496234] clocksource: Switched to clocksource kvm-clock
[    0.547519] VFS: Disk quotas dquot_6.6.0
[    0.550508] VFS: Dquot-cache hash table entries: 512 (order 0, 4096 bytes)
[    0.554687] AppArmor: AppArmor Filesystem Enabled
[    0.557206] pnp: PnP ACPI init
[    0.561806] pnp: PnP ACPI: found 3 devices
[    0.579929] clocksource: acpi_pm: mask: 0xffffff max_cycles: 0xffffff, max_idle_ns: 2085701024 ns
[    0.582678] NET: Registered protocol family 2
[    0.584357] IP idents hash table entries: 16384 (order: 5, 131072 bytes)
[    0.590150] TCP established hash table entries: 8192 (order: 4, 65536 bytes)
[    0.591957] TCP bind hash table entries: 8192 (order: 5, 131072 bytes)
[    0.593738] TCP: Hash tables configured (established 8192 bind 8192)
[    0.595422] UDP hash table entries: 512 (order: 2, 16384 bytes)
[    0.597289] UDP-Lite hash table entries: 512 (order: 2, 16384 bytes)
[    0.599035] NET: Registered protocol family 1
[    0.600463] pci 0000:00:00.0: Limiting direct PCI/PCI transfers
[    0.602219] pci 0000:00:01.0: Activating ISA DMA hang workarounds
[    0.603720] pci 0000:00:02.0: Video device with shadowed ROM at [mem 0x000c0000-0x000dffff]
[    0.607530] Unpacking initramfs...
[    1.323239] Freeing initrd memory: 19532K
[    1.325554] clocksource: tsc: mask: 0xffffffffffffffff max_cycles: 0x19f22aa45f0, max_idle_ns: 440795269146 ns
[    1.330622] platform rtc_cmos: registered platform RTC device (no PNP device found)
[    1.334812] Scanning for low memory corruption every 60 seconds
[    1.338920] Initialise system trusted keyrings
[    1.341428] Key type blacklist registered
[    1.343623] workingset: timestamp_bits=36 max_order=18 bucket_order=0
[    1.349308] zbud: loaded
[    1.352008] squashfs: version 4.0 (2009/01/31) Phillip Lougher
[    1.355297] fuse init (API version 7.26)
[    1.362939] Key type asymmetric registered
[    1.365355] Asymmetric key parser 'x509' registered
[    1.367668] Block layer SCSI generic (bsg) driver version 0.4 loaded (major 246)
[    1.371119] io scheduler noop registered
[    1.372764] io scheduler deadline registered
[    1.374744] io scheduler cfq registered (default)
[    1.376563] ACPI: AC Adapter [AC] (off-line)
[    1.377712] input: Power Button as /devices/LNXSYSTM:00/LNXPWRBN:00/input/input0
[    1.380078] ACPI: Power Button [PWRF]
[    1.381848] input: Sleep Button as /devices/LNXSYSTM:00/LNXSLPBN:00/input/input1
[    1.384326] ACPI: Sleep Button [SLPF]
[    1.386420] Serial: 8250/16550 driver, 32 ports, IRQ sharing enabled
[    1.388188] ACPI: Battery Slot [BAT0] (battery present)
[    1.412350] 00:02: ttyS0 at I/O 0x3f8 (irq = 4, base_baud = 115200) is a 16550A
[    1.419775] Linux agpgart interface v0.103
[    1.424740] loop: module loaded
[    1.427827] scsi host0: ata_piix
[    1.429928] scsi host1: ata_piix
[    1.431837] ata1: PATA max UDMA/33 cmd 0x1f0 ctl 0x3f6 bmdma 0xd000 irq 14
[    1.435309] ata2: PATA max UDMA/33 cmd 0x170 ctl 0x376 bmdma 0xd008 irq 15
[    1.439750] tun: Universal TUN/TAP device driver, 1.6
[    1.442535] PPP generic driver version 2.4.2
[    1.444876] ehci_hcd: USB 2.0 'Enhanced' Host Controller (EHCI) Driver
[    1.448003] ehci-pci: EHCI PCI platform driver
[    1.450975] ehci-platform: EHCI generic platform driver
[    1.454305] ohci_hcd: USB 1.1 'Open' Host Controller (OHCI) Driver
[    1.458151] ohci-pci: OHCI PCI platform driver
[    1.460055] ohci-platform: OHCI generic platform driver
[    1.462371] uhci_hcd: USB Universal Host Controller Interface driver
[    1.465176] i8042: PNP: PS/2 Controller [PNP0303:PS2K,PNP0f03:PS2M] at 0x60,0x64 irq 1,12
[    1.469077] serio: i8042 KBD port at 0x60,0x64 irq 1
[    1.470985] serio: i8042 AUX port at 0x60,0x64 irq 12
[    1.472934] mousedev: PS/2 mouse device common for all mice
[    1.475310] input: AT Translated Set 2 keyboard as /devices/platform/i8042/serio0/input/input2
[    1.478950] rtc_cmos rtc_cmos: rtc core: registered rtc_cmos as rtc0
[    1.482523] rtc_cmos rtc_cmos: alarms up to one day, 114 bytes nvram
[    1.485805] i2c /dev entries driver
[    1.487734] device-mapper: uevent: version 1.0.3
[    1.490380] device-mapper: ioctl: 4.37.0-ioctl (2017-09-20) initialised: dm-devel@redhat.com
[    1.494764] ledtrig-cpu: registered to indicate activity on CPUs
[    1.499112] NET: Registered protocol family 10
[    1.512219] Segment Routing with IPv6
[    1.515112] NET: Registered protocol family 17
[    1.517720] Key type dns_resolver registered
[    1.519724] mce: Using 0 MCE banks
[    1.521546] RAS: Correctable Errors collector initialized.
[    1.523199] sched_clock: Marking stable (1521513739, 0)->(1934755062, -413241323)
[    1.526396] registered taskstats version 1
[    1.527835] Loading compiled-in X.509 certificates
[    1.534713] Loaded X.509 cert 'Build time autogenerated kernel key: c22b55fccca0ab4a1b471e83eb5a5035df964114'
[    1.541116] Loaded X.509 cert 'Canonical Ltd. Live Patch Signing: 14df34d1a87cf37625abec039ef2bf521249b969'
[    1.547326] Loaded X.509 cert 'Canonical Ltd. Kernel Module Signing: 88f752e560a1e0737e31163a466ad7b70a850c19'
[    1.552555] blacklist: Loading compiled-in revocation X.509 certificates
[    1.555901] Loaded X.509 cert 'Canonical Ltd. Secure Boot Signing: 61482aa2830d0ab2ad5af10b7250da9033ddcef0'
[    1.560940] zswap: loaded using pool lzo/zbud
[    1.571754] Key type big_key registered
[    1.574385] Key type trusted registered
[    1.580152] Key type encrypted registered
[    1.582482] AppArmor: AppArmor sha1 policy hashing enabled
[    1.585507] ima: No TPM chip found, activating TPM-bypass! (rc=-19)
[    1.588532] ima: Allocated hash algorithm: sha1
[    1.590994] evm: HMAC attrs: 0x1
[    1.593381]   Magic number: 6:813:429
[    1.595529] rtc_cmos rtc_cmos: setting system clock to 2022-09-02 12:25:28 UTC (1662121528)
[    1.629217] BIOS EDD facility v0.16 2004-Jun-25, 0 devices found
[    1.632284] EDD information not available.
[    1.641110] Freeing unused kernel image memory: 2468K
[    1.656107] Write protecting the kernel read-only data: 20480k
[    1.661301] Freeing unused kernel image memory: 2008K
[    1.664923] Freeing unused kernel image memory: 1820K
[    1.688260] x86/mm: Checked W+X mappings: passed, no W+X pages found.
[    1.691368] x86/mm: Checking user space page tables
[    1.714468] x86/mm: Checked W+X mappings: passed, no W+X pages found.
Loading, please wait...
starting version 237
[    1.907187] Fusion MPT base driver 3.04.20
[    1.909386] Copyright (c) 1999-2008 LSI Corporation
[    1.940417] e1000: Intel(R) PRO/1000 Network Driver - version 7.3.21-k8-NAPI
[    1.942698] e1000: Copyright (c) 1999-2006 Intel Corporation.
[    1.967754] AVX2 version of gcm_enc/dec engaged.
[    1.971392] AES CTR mode by8 optimization enabled
[    1.996141] Fusion MPT SPI Host driver 3.04.20
[    2.128922] input: ImExPS/2 Generic Explorer Mouse as /devices/platform/i8042/serio1/input/input4
[    2.519944] e1000 0000:00:03.0 eth0: (PCI:33MHz:32-bit) 02:7d:7d:ce:01:7d
[    2.524521] e1000 0000:00:03.0 eth0: Intel(R) PRO/1000 Network Connection
[    2.532582] mptbase: ioc0: Initiating bringup
[    2.537308] e1000 0000:00:03.0 enp0s3: renamed from eth0
[    2.629454] ioc0: LSI53C1030 A0: Capabilities={Initiator}
[    2.874851] scsi host2: ioc0: LSI53C1030 A0, FwRev=00000000h, Ports=1, MaxQ=256, IRQ=20
[    3.046635] scsi 2:0:0:0: Direct-Access     VBOX     HARDDISK         1.0  PQ: 0 ANSI: 5
[    3.084450] scsi target2:0:0: Beginning Domain Validation
[    3.099071] scsi target2:0:0: Domain Validation skipping write tests
[    3.104865] scsi target2:0:0: Ending Domain Validation
[    3.109939] scsi target2:0:0: asynchronous
[    3.114559] scsi 2:0:1:0: Direct-Access     VBOX     HARDDISK         1.0  PQ: 0 ANSI: 5
[    3.148065] scsi target2:0:1: Beginning Domain Validation
[    3.153165] random: fast init done
[    3.158115] scsi target2:0:1: Domain Validation skipping write tests
[    3.161226] scsi target2:0:1: Ending Domain Validation
[    3.164223] scsi target2:0:1: asynchronous
[    3.177972] random: systemd-udevd: uninitialized urandom read (16 bytes read)
[    3.184200] sd 2:0:0:0: Attached scsi generic sg0 type 0
[    3.184243] random: systemd-udevd: uninitialized urandom read (16 bytes read)
[    3.188615] sd 2:0:1:0: Attached scsi generic sg1 type 0
[    3.191756] random: systemd-udevd: uninitialized urandom read (16 bytes read)
[    3.199134] sd 2:0:0:0: [sda] 83886080 512-byte logical blocks: (42.9 GB/40.0 GiB)
[    3.204162] sd 2:0:1:0: [sdb] 20480 512-byte logical blocks: (10.5 MB/10.0 MiB)
[    3.208348] sd 2:0:1:0: [sdb] Write Protect is off
[    3.208367] sd 2:0:0:0: [sda] Write Protect is off
[    3.214393] sd 2:0:1:0: [sdb] Incomplete mode parameter data
[    3.214428] sd 2:0:0:0: [sda] Incomplete mode parameter data
[    3.217741] sd 2:0:1:0: [sdb] Assuming drive cache: write through
[    3.220872] sd 2:0:0:0: [sda] Assuming drive cache: write through
[    3.234439]  sda: sda1
[    3.238257] sd 2:0:1:0: [sdb] Attached SCSI disk
[    3.241461] sd 2:0:0:0: [sda] Attached SCSI disk
Begin: Loading essential drivers ... [    5.488134] raid6: sse2x1   gen()  4911 MB/s
[    5.536144] raid6: sse2x1   xor()  3530 MB/s
[    5.584104] raid6: sse2x2   gen()  5654 MB/s
[    5.632163] raid6: sse2x2   xor()  3689 MB/s
[    5.680144] raid6: sse2x4   gen()  6753 MB/s
[    5.728143] raid6: sse2x4   xor()  4372 MB/s
[    5.776150] raid6: avx2x1   gen()  9882 MB/s
[    5.824154] raid6: avx2x1   xor()  6805 MB/s
[    5.872144] raid6: avx2x2   gen() 11185 MB/s
[    5.920132] raid6: avx2x2   xor()  7412 MB/s
[    5.968150] raid6: avx2x4   gen() 13490 MB/s
[    6.016134] raid6: avx2x4   xor()  6957 MB/s
[    6.019152] raid6: using algorithm avx2x4 gen() 13490 MB/s
[    6.023176] raid6: .... xor() 6957 MB/s, rmw enabled
[    6.026850] raid6: using avx2x2 recovery algorithm
[    6.032479] xor: automatically using best checksumming function   avx       
[    6.038389] async_tx: api initialized (async)
done.
Begin: Running /scripts/init-premount ... done.
Begin: Mounting root file system ... Begin: Running /scripts/local-top ... done.
Begin: Running /scripts/local-premount ... [    6.159586] Btrfs loaded, crc32c=crc32c-intel
Scanning for Btrfs filesystems
done.
Warning: fsck not present, so skipping root file system
[    6.239307] EXT4-fs (sda1): INFO: recovery required on readonly filesystem
[    6.242224] EXT4-fs (sda1): write access will be enabled during recovery
[    6.359742] EXT4-fs (sda1): recovery complete
[    6.361256] EXT4-fs (sda1): mounted filesystem with ordered data mode. Opts: (null)
done.
Begin: Running /scripts/local-bottom ... done.
Begin: Running /scripts/init-bottom ... done.
[    6.611584] ip_tables: (C) 2000-2006 Netfilter Core Team
[    6.632201] systemd[1]: systemd 237 running in system mode. (+PAM +AUDIT +SELINUX +IMA +APPARMOR +SMACK +SYSVINIT +UTMP +LIBCRYPTSETUP +GCRYPT +GNUTLS +ACL +XZ +LZ4 +SECCOMP +BLKID +ELFUTILS +KMOD -IDN2 +IDN -PCRE2 default-hierarchy=hybrid)
[    6.643416] systemd[1]: Detected virtualization oracle.
[    6.646134] systemd[1]: Detected architecture x86-64.

Welcome to [1mUbuntu 18.04.6 LTS[0m!

[    6.662122] systemd[1]: Set hostname to <ubuntu-bionic>.
[    7.202158] systemd[1]: Started Forward Password Requests to Wall Directory Watch.
[[0;32m  OK  [0m] Started Forward Password Requests to Wall Directory Watch.
[    7.211706] systemd[1]: Created slice System Slice.
[[0;32m  OK  [0m] Created slice System Slice.
[    7.215518] systemd[1]: Listening on udev Control Socket.
[[0;32m  OK  [0m] Listening on udev Control Socket.
[    7.220212] systemd[1]: Created slice system-serial\x2dgetty.slice.
[[0;32m  OK  [0m] Created slice system-serial\x2dgetty.slice.
[    7.225215] systemd[1]: Listening on Journal Socket.
[[0;32m  OK  [0m] Listening on Journal Socket.
[    7.230840] systemd[1]: Starting Create list of required static device nodes for the current kernel...
         Starting Create list of required st…ce nodes for the current kernel...
         Starting Set the console keyboard layout...
[[0;32m  OK  [0m] Created slice User and Session Slice.
[[0;32m  OK  [0m] Reached target Slices.
         Mounting Kernel Debug File System...
         Starting Load Kernel Modules...
[[0;32m  OK  [0m] Listening on Journal Socket (/dev/log).
[[0;32m  OK  [0m] Reached target System Time Synchronized.
[[0;32m  OK  [0m] Listening on udev Kernel Socket.
[[0;32m  OK  [0m] Listening on fsck to fsckd communication Socket.
         Starting File System Check on Root Device...
         Mounting POSIX Message Queue File System...
[[0;32m  OK  [0m] Listening on /dev/initctl Compatibility Named Pipe.
[[0;32m  OK  [0m] Listening on LVM2 poll daemon socket.
         Starting Uncomplicated firewall...
[[0;32m  OK  [0m] Reached target Swap.
[[0;32m  OK  [0m] Listening on Syslog Socket.
[[0;32m  OK  [0m] Listening on Device-mapper event daemon FIFOs.
         Starting udev Coldplug all Devices...
[[0;32m  OK  [0m] Listening on Journal Audit Socket.
         Starting Journal Service...
         Mounting Huge Pages File System...
[[0;32m  OK  [0m] Listening on LVM2 metadata daemon socket.
[    7.386502] Loading iSCSI transport class v2.0-870.
         Starting Monitoring of LVM2 mirrors…ng dmeventd or progress polling...
[[0;32m  OK  [0m] Set up automount Arbitrary Executab…rmats File System Automount Point.
[[0;32m  OK  [0m] Listening on Network Service Netlink Socket.
[[0;32m  OK  [0m] Reached target User and Group Name Lookups.
[[0;32m  OK  [0m] Started Create list of required sta…vice nodes for the current kernel.
[[0;32m  OK  [0m] Mounted Kernel Debug File System.
[[0;32m  OK  [0m] Mounted POSIX Message Queue File System.
[[0;32m  OK  [0m] Started Uncomplicated firewall.
[[0;32m  OK  [0m] Mounted Huge Pages File System.
[[0;32m  OK  [0m] Started File System Check on Root Device.
[[0;32m  OK  [0m] Started File System Check Daemon to report status.
         Starting Remount Root and Kernel File Systems...
         Starting Create Static Device Nodes in /dev...
[    7.534633] iscsi: registered transport (tcp)
[[0;32m  OK  [0m] Started LVM2 metadata daemon.
[[0;32m  OK  [0m] Started Create Static Device Nodes in /dev.
[    7.611406] EXT4-fs (sda1): re-mounted. Opts: (null)
[[0;32m  OK  [0m] Started Journal Service.
[[0;32m  OK  [0m] Started Remount Root and Kernel File Systems.
         Starting Load/Save Random Seed...
         Starting Flush Journal to Persistent Storage...
         Starting udev Kernel Device Manager...
[    7.680355] iscsi: registered transport (iser)
[    7.690731] systemd-journald[416]: Received request to flush runtime journal from PID 1
[[0;32m  OK  [0m] Started Load Kernel Modules.
         Mounting Kernel Configuration File System...
         Starting Apply Kernel Variables...
         Mounting FUSE Control File System...
[[0;32m  OK  [0m] Mounted FUSE Control File System.
[[0;32m  OK  [0m] Mounted Kernel Configuration File System.
[[0;32m  OK  [0m] Started Monitoring of LVM2 mirrors,…sing dmeventd or progress polling.
[[0;32m  OK  [0m] Started Load/Save Random Seed.
[[0;32m  OK  [0m] Started udev Coldplug all Devices.
[[0;32m  OK  [0m] Started udev Kernel Device Manager.
[[0;32m  OK  [0m] Started Apply Kernel Variables.
[[0;32m  OK  [0m] Started Set the console keyboard layout.
[[0;32m  OK  [0m] Reached target Local File Systems (Pre).
[[0;32m  OK  [0m] Reached target Local File Systems.
         Starting Set console font and keymap...
         Starting Tell Plymouth To Write Out Runtime Data...
         Starting AppArmor initialization...
         Starting ebtables ruleset management...
[[0;32m  OK  [0m] Started Dispatch Password Requests to Console Directory Watch.
[[0;32m  OK  [0m] Reached target Local Encrypted Volumes.
[[0;32m  OK  [0m] Started Flush Journal to Persistent Storage.
[[0;32m  OK  [0m] Started Set console font and keymap.
         Starting Create Volatile Files and Directories...
[[0;32m  OK  [0m] Started Tell Plymouth To Write Out Runtime Data.
[[0;32m  OK  [0m] Started Create Volatile Files and Directories.
         Starting Update UTMP about System Boot/Shutdown...
[[0;32m  OK  [0m] Started Update UTMP about System Boot/Shutdown.
[[0;32m  OK  [0m] Started ebtables ruleset management.
[[0;32m  OK  [0m] Started AppArmor initialization.
         Starting Load AppArmor profiles managed internally by snapd...
         Starting Initial cloud-init job (pre-networking)...
[[0;32m  OK  [0m] Started Load AppArmor profiles managed internally by snapd.
[[0;32m  OK  [0m] Found device /dev/ttyS0.
[[0;32m  OK  [0m] Listening on Load/Save RF Kill Switch Status /dev/rfkill Watch.
[   11.558754] cloud-init[535]: Cloud-init v. 22.2-0ubuntu1~18.04.3 running 'init-local' at Fri, 02 Sep 2022 12:25:37 +0000. Up 11.06 seconds.
[[0;32m  OK  [0m] Started Initial cloud-init job (pre-networking).
[[0;32m  OK  [0m] Reached target Network (Pre).
         Starting Network Service...
[[0;32m  OK  [0m] Started Network Service.
         Starting Network Name Resolution...
         Starting Wait for Network to be Configured...
[[0;32m  OK  [0m] Started Network Name Resolution.
[[0;32m  OK  [0m] Reached target Network.
[[0;32m  OK  [0m] Reached target Host and Network Name Lookups.
[[0;32m  OK  [0m] Started Wait for Network to be Configured.
         Starting Initial cloud-init job (metadata service crawler)...
[   14.666958] cloud-init[681]: Cloud-init v. 22.2-0ubuntu1~18.04.3 running 'init' at Fri, 02 Sep 2022 12:25:41 +0000. Up 14.17 seconds.
[   14.680617] cloud-init[681]: ci-info: +++++++++++++++++++++++++++++++++++++Net device info++++++++++++++++++++++++++++++++++++++
[   14.696501] cloud-init[681]: ci-info: +--------+------+---------------------------+---------------+--------+-------------------+
[   14.699647] cloud-init[681]: ci-info: | Device |  Up  |          Address          |      Mask     | Scope  |     Hw-Address    |
[   14.703035] cloud-init[681]: ci-info: +--------+------+---------------------------+---------------+--------+-------------------+
[   14.706413] cloud-init[681]: ci-info: | enp0s3 | True |         10.0.2.15         | 255.255.255.0 | global | 02:7d:7d:ce:01:7d |
[   14.720473] cloud-init[681]: ci-info: | enp0s3 | True | fe80::7d:7dff:fece:17d/64 |       .       |  link  | 02:7d:7d:ce:01:7d |
[   14.723779] cloud-init[681]: ci-info: |   lo   | True |         127.0.0.1         |   255.0.0.0   |  host  |         .         |
[   14.736479] cloud-init[681]: ci-info: |   lo   | True |          ::1/128          |       .       |  host  |         .         |
[   14.739653] cloud-init[681]: ci-info: +--------+------+---------------------------+---------------+--------+-------------------+
[   14.742489] cloud-init[681]: ci-info: ++++++++++++++++++++++++++++Route IPv4 info+++++++++++++++++++++++++++++
[   14.745570] cloud-init[681]: ci-info: +-------+-------------+----------+-----------------+-----------+-------+
[   14.748857] cloud-init[681]: ci-info: | Route | Destination | Gateway  |     Genmask     | Interface | Flags |
[   14.751920] cloud-init[681]: ci-info: +-------+-------------+----------+-----------------+-----------+-------+
[   14.754758] cloud-init[681]: ci-info: |   0   |   0.0.0.0   | 10.0.2.2 |     0.0.0.0     |   enp0s3  |   UG  |
[   14.768528] cloud-init[681]: ci-info: |   1   |   10.0.2.0  | 0.0.0.0  |  255.255.255.0  |   enp0s3  |   U   |
[   14.771844] cloud-init[681]: ci-info: |   2   |   10.0.2.2  | 0.0.0.0  | 255.255.255.255 |   enp0s3  |   UH  |
[   14.784492] cloud-init[681]: ci-info: +-------+-------------+----------+-----------------+-----------+-------+
[   14.796394] cloud-init[681]: ci-info: +++++++++++++++++++Route IPv6 info+++++++++++++++++++
[   14.799202] cloud-init[681]: ci-info: +-------+-------------+---------+-----------+-------+
[   14.801931] cloud-init[681]: ci-info: | Route | Destination | Gateway | Interface | Flags |
[   14.816493] cloud-init[681]: ci-info: +-------+-------------+---------+-----------+-------+
[   14.819276] cloud-init[681]: ci-info: |   1   |  fe80::/64  |    ::   |   enp0s3  |   U   |
[   14.821797] cloud-init[681]: ci-info: |   3   |    local    |    ::   |   enp0s3  |   U   |
[   14.824470] cloud-init[681]: ci-info: |   4   |   ff00::/8  |    ::   |   enp0s3  |   U   |
[   14.836356] cloud-init[681]: ci-info: +-------+-------------+---------+-----------+-------+
[[0;32m  OK  [0m] Started Initial cloud-init job (metadata service crawler).
[[0;32m  OK  [0m] Reached target System Initialization.
[[0;32m  OK  [0m] Started Daily Cleanup of Temporary Directories.
         Starting LXD - unix socket.
[[0;32m  OK  [0m] Listening on D-Bus System Message Bus Socket.
[[0;32m  OK  [0m] Listening on Open-iSCSI iscsid Socket.
[[0;32m  OK  [0m] Started Discard unused blocks once a week.
         Starting Socket activation for snappy daemon.
[[0;32m  OK  [0m] Started Daily apt download activities.
[[0;32m  OK  [0m] Started Daily apt upgrade and clean activities.
[[0;32m  OK  [0m] Listening on UUID daemon activation socket.
[[0;32m  OK  [0m] Started Ubuntu Advantage Timer for running repeated jobs.
[[0;32m  OK  [0m] Started ACPI Events Check.
[[0;32m  OK  [0m] Reached target Paths.
[[0;32m  OK  [0m] Listening on cloud-init hotplug hook socket.
[[0;32m  OK  [0m] Started Message of the Day.
[[0;32m  OK  [0m] Reached target Timers.
[[0;32m  OK  [0m] Listening on ACPID Listen Socket.
[[0;32m  OK  [0m] Reached target Network is Online.
[[0;32m  OK  [0m] Reached target Remote File Systems (Pre).
         Mounting /vagrant...
         Starting Availability of block devices...
[[0;32m  OK  [0m] Reached target Cloud-config availability.
[[0;32m  OK  [0m] Listening on LXD - unix socket.
[[0;32m  OK  [0m] Listening on Socket activation for snappy daemon.
[[0;32m  OK  [0m] Started Availability of block devices.
[[0;32m  OK  [0m] Mounted /vagrant.
[[0;32m  OK  [0m] Reached target Remote File Systems.
[[0;32m  OK  [0m] Reached target Sockets.
[[0;32m  OK  [0m] Reached target Basic System.
         Starting Login Service...
[[0;32m  OK  [0m] Started Regular background program processing daemon.
[[0;32m  OK  [0m] Started Deferred execution scheduler.
         Starting Virtualbox guest utils...
         Starting LSB: Record successful boot for GRUB...
         Starting Permit User Sessions...
[[0;32m  OK  [0m] Started FUSE filesystem for LXC.
[[0;32m  OK  [0m] Started irqbalance daemon.
         Starting Message of the Day...
         Starting Dispatcher daemon for systemd-networkd...
         Starting OpenBSD Secure Shell server...
         Starting LSB: automatic crash report generation...
         Starting System Logging Service...
         Starting Snap Daemon...
[[0;32m  OK  [0m] Started D-Bus System Message Bus.
[[0;32m  OK  [0m] Started Login Service.
[[0;32m  OK  [0m] Started Unattended Upgrades Shutdown.
         Starting Accounts Service...
         Starting LXD - container startup/shutdown...
[[0;32m  OK  [0m] Started System Logging Service.
[[0;32m  OK  [0m] Started Permit User Sessions.
         Starting Terminate Plymouth Boot Screen...
         Starting Hold until boot process finishes up...
[[0;32m  OK  [0m] Started OpenBSD Secure Shell server.
[[0;32m  OK  [0m] Started Terminate Plymouth Boot Screen.
[[0;32m  OK  [0m] Started Hold until boot process finishes up.
         Starting Set console scheme...
[[0;32m  OK  [0m] Started Serial Getty on ttyS0.
[[0;32m  OK  [0m] Started Set console scheme.
[[0;32m  OK  [0m] Created slice system-getty.slice.
[[0;32m  OK  [0m] Started Getty on tty1.
[[0;32m  OK  [0m] Reached target Login Prompts.
[[0;32m  OK  [0m] Started LSB: automatic crash report generation.
[[0;32m  OK  [0m] Started LSB: Record successful boot for GRUB.
         Starting Authorization Manager...
[[0;32m  OK  [0m] Started Virtualbox guest utils.
[[0;32m  OK  [0m] Started LXD - container startup/shutdown.
[[0;32m  OK  [0m] Started Authorization Manager.
[[0;32m  OK  [0m] Started Accounts Service.
[[0;32m  OK  [0m] Started Dispatcher daemon for systemd-networkd.
[[0;32m  OK  [0m] Started Snap Daemon.
         Starting Wait until snapd is fully seeded...
         Starting Time & Date Service...
[[0;32m  OK  [0m] Started Time & Date Service.
[[0;32m  OK  [0m] Started Wait until snapd is fully seeded.
         Starting Apply the settings specified in cloud-config...
[[0;32m  OK  [0m] Created slice User Slice of vagrant.
         Starting User Manager for UID 1000...
[[0;32m  OK  [0m] Started Session 1 of user vagrant.
[[0;32m  OK  [0m] Started User Manager for UID 1000.
[[0;32m  OK  [0m] Started Message of the Day.
[   20.149544] cloud-init[998]: Cloud-init v. 22.2-0ubuntu1~18.04.3 running 'modules:config' at Fri, 02 Sep 2022 12:25:46 +0000. Up 19.66 seconds.
[[0;32m  OK  [0m] Started Apply the settings specified in cloud-config.
[[0;32m  OK  [0m] Reached target Multi-User System.
[[0;32m  OK  [0m] Reached target Graphical Interface.
         Starting Update UTMP about System Runlevel Changes...
         Starting Execute cloud user/final scripts...
[[0;32m  OK  [0m] Started Update UTMP about System Runlevel Changes.

Ubuntu 18.04.6 LTS ubuntu-bionic ttyS0

ubuntu-bionic login: [   22.387230] cloud-init[1129]: Cloud-init v. 22.2-0ubuntu1~18.04.3 running 'modules:final' at Fri, 02 Sep 2022 12:25:48 +0000. Up 21.94 seconds.
[   22.387375] cloud-init[1129]: Cloud-init v. 22.2-0ubuntu1~18.04.3 finished at Fri, 02 Sep 2022 12:25:49 +0000. Datasource DataSourceNoCloud [seed=/dev/sdb][dsmode=net].  Up 22.36 seconds
